This file contains any messages produced by compilers while
running configure, to aid debugging if configure makes a mistake.

It was created by WOscLib configure 00.11, which was
generated by GNU Autoconf 2.65.  Invocation command line was

  $ ./configure 

## --------- ##
## Platform. ##
## --------- ##

hostname = a8-bb-cf-23-23-de.wlan.lsu.edu
uname -m = x86_64
uname -r = 13.2.0
uname -s = Darwin
uname -v = Darwin Kernel Version 13.2.0: Thu Apr 17 23:03:13 PDT 2014; root:xnu-2422.100.13~1/RELEASE_X86_64

/usr/bin/uname -p = i386
/bin/uname -X     = unknown

/bin/arch              = unknown
/usr/bin/arch -k       = unknown
/usr/convex/getsysinfo = unknown
/usr/bin/hostinfo      = Mach kernel version:
	 Darwin Kernel Version 13.2.0: Thu Apr 17 23:03:13 PDT 2014; root:xnu-2422.100.13~1/RELEASE_X86_64
Kernel configured for up to 4 processors.
2 processors are physically available.
4 processors are logically available.
Processor type: i486 (Intel 80486)
Processors active: 0 1 2 3
Primary memory available: 8.00 gigabytes
Default processor set: 199 tasks, 1105 threads, 4 processors
Load average: 4.04, Mach factor: 1.74
/bin/machine           = unknown
/usr/bin/oslevel       = unknown
/bin/universe          = unknown

PATH: /usr/local/heroku/bin
PATH: /Library/Frameworks/Python.framework/Versions/2.7/bin
PATH: /Library/Frameworks/Python.framework/Versions/2.7/bin
PATH: /usr/bin
PATH: /bin
PATH: /usr/sbin
PATH: /sbin
PATH: /usr/local/bin


## ----------- ##
## Core tests. ##
## ----------- ##

configure:2228: checking build system type
configure:2242: result: i386-apple-darwin13.2.0
configure:2262: checking host system type
configure:2275: result: i386-apple-darwin13.2.0
configure:2295: checking target system type
configure:2308: result: i386-apple-darwin13.2.0
configure:2394: checking for g++
configure:2410: found /usr/bin/g++
configure:2421: result: g++
configure:2448: checking for C++ compiler version
configure:2457: g++ --version >&5
Apple LLVM version 5.1 (clang-503.0.40) (based on LLVM 3.4svn)
Target: x86_64-apple-darwin13.2.0
Thread model: posix
Configured with: --prefix=/Applications/Xcode.app/Contents/Developer/usr --with-gxx-include-dir=/usr/include/c++/4.2.1
configure:2468: $? = 0
configure:2457: g++ -v >&5
Configured with: --prefix=/Applications/Xcode.app/Contents/Developer/usr --with-gxx-include-dir=/usr/include/c++/4.2.1
Apple LLVM version 5.1 (clang-503.0.40) (based on LLVM 3.4svn)
Target: x86_64-apple-darwin13.2.0
Thread model: posix
configure:2468: $? = 0
configure:2457: g++ -V >&5
clang: error: argument to '-V' is missing (expected 1 value)
clang: error: no input files
configure:2468: $? = 1
configure:2457: g++ -qversion >&5
clang: error: unknown argument: '-qversion' [-Wunused-command-line-argument-hard-error-in-future]
clang: note: this will be a hard error (cannot be downgraded to a warning) in the future
clang: error: no input files
configure:2468: $? = 1
configure:2488: checking whether the C++ compiler works
configure:2510: g++    conftest.cpp  >&5
configure:2514: $? = 0
configure:2563: result: yes
configure:2566: checking for C++ compiler default output file name
configure:2568: result: a.out
configure:2574: checking for suffix of executables
configure:2581: g++ -o conftest    conftest.cpp  >&5
configure:2585: $? = 0
configure:2607: result: 
configure:2629: checking whether we are cross compiling
configure:2637: g++ -o conftest    conftest.cpp  >&5
configure:2641: $? = 0
configure:2648: ./conftest
configure:2652: $? = 0
configure:2667: result: no
configure:2672: checking for suffix of object files
configure:2694: g++ -c   conftest.cpp >&5
configure:2698: $? = 0
configure:2719: result: o
configure:2723: checking whether we are using the GNU C++ compiler
configure:2742: g++ -c   conftest.cpp >&5
configure:2742: $? = 0
configure:2751: result: yes
configure:2760: checking whether g++ accepts -g
configure:2780: g++ -c -g  conftest.cpp >&5
configure:2780: $? = 0
configure:2821: result: yes
configure:2892: checking for gcc
configure:2908: found /usr/bin/gcc
configure:2919: result: gcc
configure:3148: checking for C compiler version
configure:3157: gcc --version >&5
Apple LLVM version 5.1 (clang-503.0.40) (based on LLVM 3.4svn)
Target: x86_64-apple-darwin13.2.0
Thread model: posix
Configured with: --prefix=/Applications/Xcode.app/Contents/Developer/usr --with-gxx-include-dir=/usr/include/c++/4.2.1
configure:3168: $? = 0
configure:3157: gcc -v >&5
Configured with: --prefix=/Applications/Xcode.app/Contents/Developer/usr --with-gxx-include-dir=/usr/include/c++/4.2.1
Apple LLVM version 5.1 (clang-503.0.40) (based on LLVM 3.4svn)
Target: x86_64-apple-darwin13.2.0
Thread model: posix
configure:3168: $? = 0
configure:3157: gcc -V >&5
clang: error: argument to '-V' is missing (expected 1 value)
clang: error: no input files
configure:3168: $? = 1
configure:3157: gcc -qversion >&5
clang: error: unknown argument: '-qversion' [-Wunused-command-line-argument-hard-error-in-future]
clang: note: this will be a hard error (cannot be downgraded to a warning) in the future
clang: error: no input files
configure:3168: $? = 1
configure:3172: checking whether we are using the GNU C compiler
configure:3191: gcc -c   conftest.c >&5
configure:3191: $? = 0
configure:3200: result: yes
configure:3209: checking whether gcc accepts -g
configure:3229: gcc -c -g  conftest.c >&5
configure:3229: $? = 0
configure:3270: result: yes
configure:3287: checking for gcc option to accept ISO C89
configure:3351: gcc  -c -g -O2  conftest.c >&5
configure:3351: $? = 0
configure:3364: result: none needed
configure:3394: checking how to run the C preprocessor
configure:3425: gcc -E  conftest.c
configure:3425: $? = 0
configure:3439: gcc -E  conftest.c
conftest.c:9:10: fatal error: 'ac_nonexistent.h' file not found
#include <ac_nonexistent.h>
         ^
1 error generated.
configure:3439: $? = 1
configure: failed program was:
| /* confdefs.h */
| #define PACKAGE_NAME "WOscLib"
| #define PACKAGE_TARNAME "wosclib"
| #define PACKAGE_VERSION "00.11"
| #define PACKAGE_STRING "WOscLib 00.11"
| #define PACKAGE_BUGREPORT "uli.franke@weiss.ch"
| #define PACKAGE_URL ""
| /* end confdefs.h.  */
| #include <ac_nonexistent.h>
configure:3464: result: gcc -E
configure:3484: gcc -E  conftest.c
configure:3484: $? = 0
configure:3498: gcc -E  conftest.c
conftest.c:9:10: fatal error: 'ac_nonexistent.h' file not found
#include <ac_nonexistent.h>
         ^
1 error generated.
configure:3498: $? = 1
configure: failed program was:
| /* confdefs.h */
| #define PACKAGE_NAME "WOscLib"
| #define PACKAGE_TARNAME "wosclib"
| #define PACKAGE_VERSION "00.11"
| #define PACKAGE_STRING "WOscLib 00.11"
| #define PACKAGE_BUGREPORT "uli.franke@weiss.ch"
| #define PACKAGE_URL ""
| /* end confdefs.h.  */
| #include <ac_nonexistent.h>
configure:3527: checking for grep that handles long lines and -e
configure:3585: result: /usr/bin/grep
configure:3590: checking for egrep
configure:3652: result: /usr/bin/grep -E
configure:3657: checking for ANSI C header files
configure:3677: gcc -c -g -O2  conftest.c >&5
configure:3677: $? = 0
configure:3750: gcc -o conftest -g -O2   conftest.c  >&5
configure:3750: $? = 0
configure:3750: ./conftest
configure:3750: $? = 0
configure:3761: result: yes
configure:3774: checking for sys/types.h
configure:3774: gcc -c -g -O2  conftest.c >&5
configure:3774: $? = 0
configure:3774: result: yes
configure:3774: checking for sys/stat.h
configure:3774: gcc -c -g -O2  conftest.c >&5
configure:3774: $? = 0
configure:3774: result: yes
configure:3774: checking for stdlib.h
configure:3774: gcc -c -g -O2  conftest.c >&5
configure:3774: $? = 0
configure:3774: result: yes
configure:3774: checking for string.h
configure:3774: gcc -c -g -O2  conftest.c >&5
configure:3774: $? = 0
configure:3774: result: yes
configure:3774: checking for memory.h
configure:3774: gcc -c -g -O2  conftest.c >&5
configure:3774: $? = 0
configure:3774: result: yes
configure:3774: checking for strings.h
configure:3774: gcc -c -g -O2  conftest.c >&5
configure:3774: $? = 0
configure:3774: result: yes
configure:3774: checking for inttypes.h
configure:3774: gcc -c -g -O2  conftest.c >&5
configure:3774: $? = 0
configure:3774: result: yes
configure:3774: checking for stdint.h
configure:3774: gcc -c -g -O2  conftest.c >&5
configure:3774: $? = 0
configure:3774: result: yes
configure:3774: checking for unistd.h
configure:3774: gcc -c -g -O2  conftest.c >&5
configure:3774: $? = 0
configure:3774: result: yes
configure:3790: checking arpa/inet.h usability
configure:3790: gcc -c -g -O2  conftest.c >&5
configure:3790: $? = 0
configure:3790: result: yes
configure:3790: checking arpa/inet.h presence
configure:3790: gcc -E  conftest.c
configure:3790: $? = 0
configure:3790: result: yes
configure:3790: checking for arpa/inet.h
configure:3790: result: yes
configure:3790: checking fcntl.h usability
configure:3790: gcc -c -g -O2  conftest.c >&5
configure:3790: $? = 0
configure:3790: result: yes
configure:3790: checking fcntl.h presence
configure:3790: gcc -E  conftest.c
configure:3790: $? = 0
configure:3790: result: yes
configure:3790: checking for fcntl.h
configure:3790: result: yes
configure:3790: checking netinet/in.h usability
configure:3790: gcc -c -g -O2  conftest.c >&5
configure:3790: $? = 0
configure:3790: result: yes
configure:3790: checking netinet/in.h presence
configure:3790: gcc -E  conftest.c
configure:3790: $? = 0
configure:3790: result: yes
configure:3790: checking for netinet/in.h
configure:3790: result: yes
configure:3790: checking for stdlib.h
configure:3790: result: yes
configure:3790: checking for string.h
configure:3790: result: yes
configure:3790: checking sys/socket.h usability
configure:3790: gcc -c -g -O2  conftest.c >&5
configure:3790: $? = 0
configure:3790: result: yes
configure:3790: checking sys/socket.h presence
configure:3790: gcc -E  conftest.c
configure:3790: $? = 0
configure:3790: result: yes
configure:3790: checking for sys/socket.h
configure:3790: result: yes
configure:3790: checking for unistd.h
configure:3790: result: yes
configure:3790: checking for stdint.h
configure:3790: result: yes
configure:3790: checking limits.h usability
configure:3790: gcc -c -g -O2  conftest.c >&5
configure:3790: $? = 0
configure:3790: result: yes
configure:3790: checking limits.h presence
configure:3790: gcc -E  conftest.c
configure:3790: $? = 0
configure:3790: result: yes
configure:3790: checking for limits.h
configure:3790: result: yes
configure:3804: checking for stdbool.h that conforms to C99
configure:3889: gcc -c -g -O2  conftest.c >&5
configure:3889: $? = 0
configure:3896: result: yes
configure:3898: checking for _Bool
configure:3898: gcc -c -g -O2  conftest.c >&5
configure:3898: $? = 0
configure:3898: gcc -c -g -O2  conftest.c >&5
conftest.c:64:20: error: expected expression
if (sizeof ((_Bool)))
                   ^
1 error generated.
configure:3898: $? = 1
configure: failed program was:
| /* confdefs.h */
| #define PACKAGE_NAME "WOscLib"
| #define PACKAGE_TARNAME "wosclib"
| #define PACKAGE_VERSION "00.11"
| #define PACKAGE_STRING "WOscLib 00.11"
| #define PACKAGE_BUGREPORT "uli.franke@weiss.ch"
| #define PACKAGE_URL ""
| #define STDC_HEADERS 1
| #define HAVE_SYS_TYPES_H 1
| #define HAVE_SYS_STAT_H 1
| #define HAVE_STDLIB_H 1
| #define HAVE_STRING_H 1
| #define HAVE_MEMORY_H 1
| #define HAVE_STRINGS_H 1
| #define HAVE_INTTYPES_H 1
| #define HAVE_STDINT_H 1
| #define HAVE_UNISTD_H 1
| #define HAVE_ARPA_INET_H 1
| #define HAVE_FCNTL_H 1
| #define HAVE_NETINET_IN_H 1
| #define HAVE_STDLIB_H 1
| #define HAVE_STRING_H 1
| #define HAVE_SYS_SOCKET_H 1
| #define HAVE_UNISTD_H 1
| #define HAVE_STDINT_H 1
| #define HAVE_LIMITS_H 1
| /* end confdefs.h.  */
| #include <stdio.h>
| #ifdef HAVE_SYS_TYPES_H
| # include <sys/types.h>
| #endif
| #ifdef HAVE_SYS_STAT_H
| # include <sys/stat.h>
| #endif
| #ifdef STDC_HEADERS
| # include <stdlib.h>
| # include <stddef.h>
| #else
| # ifdef HAVE_STDLIB_H
| #  include <stdlib.h>
| # endif
| #endif
| #ifdef HAVE_STRING_H
| # if !defined STDC_HEADERS && defined HAVE_MEMORY_H
| #  include <memory.h>
| # endif
| # include <string.h>
| #endif
| #ifdef HAVE_STRINGS_H
| # include <strings.h>
| #endif
| #ifdef HAVE_INTTYPES_H
| # include <inttypes.h>
| #endif
| #ifdef HAVE_STDINT_H
| # include <stdint.h>
| #endif
| #ifdef HAVE_UNISTD_H
| # include <unistd.h>
| #endif
| int
| main ()
| {
| if (sizeof ((_Bool)))
| 	    return 0;
|   ;
|   return 0;
| }
configure:3898: result: yes
configure:3915: checking whether byte ordering is bigendian
configure:3930: gcc -c -g -O2  conftest.c >&5
configure:3930: $? = 0
configure:3975: gcc -c -g -O2  conftest.c >&5
configure:3975: $? = 0
configure:3993: gcc -c -g -O2  conftest.c >&5
conftest.c:37:4: error: use of undeclared identifier 'not'
                 not big endian
                 ^
1 error generated.
configure:3993: $? = 1
configure: failed program was:
| /* confdefs.h */
| #define PACKAGE_NAME "WOscLib"
| #define PACKAGE_TARNAME "wosclib"
| #define PACKAGE_VERSION "00.11"
| #define PACKAGE_STRING "WOscLib 00.11"
| #define PACKAGE_BUGREPORT "uli.franke@weiss.ch"
| #define PACKAGE_URL ""
| #define STDC_HEADERS 1
| #define HAVE_SYS_TYPES_H 1
| #define HAVE_SYS_STAT_H 1
| #define HAVE_STDLIB_H 1
| #define HAVE_STRING_H 1
| #define HAVE_MEMORY_H 1
| #define HAVE_STRINGS_H 1
| #define HAVE_INTTYPES_H 1
| #define HAVE_STDINT_H 1
| #define HAVE_UNISTD_H 1
| #define HAVE_ARPA_INET_H 1
| #define HAVE_FCNTL_H 1
| #define HAVE_NETINET_IN_H 1
| #define HAVE_STDLIB_H 1
| #define HAVE_STRING_H 1
| #define HAVE_SYS_SOCKET_H 1
| #define HAVE_UNISTD_H 1
| #define HAVE_STDINT_H 1
| #define HAVE_LIMITS_H 1
| #define HAVE__BOOL 1
| #define HAVE_STDBOOL_H 1
| /* end confdefs.h.  */
| #include <sys/types.h>
| 		#include <sys/param.h>
| 
| int
| main ()
| {
| #if BYTE_ORDER != BIG_ENDIAN
| 		 not big endian
| 		#endif
| 
|   ;
|   return 0;
| }
configure:4121: result: no
configure:4146: checking for inet_ntoa
configure:4146: gcc -o conftest -g -O2   conftest.c  >&5
configure:4146: $? = 0
configure:4146: result: yes
configure:4146: checking for socket
configure:4146: gcc -o conftest -g -O2   conftest.c  >&5
configure:4146: $? = 0
configure:4146: result: yes
configure:4146: checking for strchr
configure:4146: gcc -o conftest -g -O2   conftest.c  >&5
conftest.c:56:6: warning: incompatible redeclaration of library function 'strchr' [-Wincompatible-library-redeclaration]
char strchr ();
     ^
conftest.c:56:6: note: 'strchr' is a builtin with type 'char *(const char *, int)'
1 warning generated.
configure:4146: $? = 0
configure:4146: result: yes
configure:4432: creating ./config.status

## ---------------------- ##
## Running config.status. ##
## ---------------------- ##

This file was extended by WOscLib config.status 00.11, which was
generated by GNU Autoconf 2.65.  Invocation command line was

  CONFIG_FILES    = 
  CONFIG_HEADERS  = 
  CONFIG_LINKS    = 
  CONFIG_COMMANDS = 
  $ ./config.status 

on a8-bb-cf-23-23-de.wlan.lsu.edu

config.status:844: creating Makefile
config.status:844: creating doc/wosclib.doxyfile
config.status:844: creating WOscConfig.h

## ---------------- ##
## Cache variables. ##
## ---------------- ##

ac_cv_build=i386-apple-darwin13.2.0
ac_cv_c_bigendian=no
ac_cv_c_compiler_gnu=yes
ac_cv_cxx_compiler_gnu=yes
ac_cv_env_CCC_set=
ac_cv_env_CCC_value=
ac_cv_env_CC_set=
ac_cv_env_CC_value=
ac_cv_env_CFLAGS_set=
ac_cv_env_CFLAGS_value=
ac_cv_env_CPPFLAGS_set=
ac_cv_env_CPPFLAGS_value=
ac_cv_env_CPP_set=
ac_cv_env_CPP_value=
ac_cv_env_CXXFLAGS_set=
ac_cv_env_CXXFLAGS_value=
ac_cv_env_CXX_set=
ac_cv_env_CXX_value=
ac_cv_env_LDFLAGS_set=
ac_cv_env_LDFLAGS_value=
ac_cv_env_LIBS_set=
ac_cv_env_LIBS_value=
ac_cv_env_build_alias_set=
ac_cv_env_build_alias_value=
ac_cv_env_host_alias_set=
ac_cv_env_host_alias_value=
ac_cv_env_target_alias_set=
ac_cv_env_target_alias_value=
ac_cv_func_inet_ntoa=yes
ac_cv_func_socket=yes
ac_cv_func_strchr=yes
ac_cv_header_arpa_inet_h=yes
ac_cv_header_fcntl_h=yes
ac_cv_header_inttypes_h=yes
ac_cv_header_limits_h=yes
ac_cv_header_memory_h=yes
ac_cv_header_netinet_in_h=yes
ac_cv_header_stdbool_h=yes
ac_cv_header_stdc=yes
ac_cv_header_stdint_h=yes
ac_cv_header_stdlib_h=yes
ac_cv_header_string_h=yes
ac_cv_header_strings_h=yes
ac_cv_header_sys_socket_h=yes
ac_cv_header_sys_stat_h=yes
ac_cv_header_sys_types_h=yes
ac_cv_header_unistd_h=yes
ac_cv_host=i386-apple-darwin13.2.0
ac_cv_objext=o
ac_cv_path_EGREP='/usr/bin/grep -E'
ac_cv_path_GREP=/usr/bin/grep
ac_cv_prog_CPP='gcc -E'
ac_cv_prog_ac_ct_CC=gcc
ac_cv_prog_ac_ct_CXX=g++
ac_cv_prog_cc_c89=
ac_cv_prog_cc_g=yes
ac_cv_prog_cxx_g=yes
ac_cv_target=i386-apple-darwin13.2.0
ac_cv_type__Bool=yes

## ----------------- ##
## Output variables. ##
## ----------------- ##

CC='gcc'
CFLAGS='-g -O2'
CPP='gcc -E'
CPPFLAGS=''
CXX='g++'
CXXFLAGS='-g -O2'
DEFS='-DHAVE_CONFIG_H'
ECHO_C='\c'
ECHO_N=''
ECHO_T=''
EGREP='/usr/bin/grep -E'
EXEEXT=''
GREP='/usr/bin/grep'
LDFLAGS=''
LIBOBJS=''
LIBS=''
LTLIBOBJS=''
OBJEXT='o'
OS_SPECIFIC_CFLAGS=''
OS_SPECIFIC_EXAMPLELINKS='-lwosclib -lpthread -framework CoreServices'
OS_SPECIFIC_EXAMPLESUFFIX=''
OS_SPECIFIC_LIBLINKS=''
OS_SPECIFIC_LIBSUFFIX='.a'
PACKAGE_BUGREPORT='uli.franke@weiss.ch'
PACKAGE_NAME='WOscLib'
PACKAGE_STRING='WOscLib 00.11'
PACKAGE_TARNAME='wosclib'
PACKAGE_URL=''
PACKAGE_VERSION='00.11'
PATH_SEPARATOR=':'
SHELL='/bin/sh'
ac_ct_CC='gcc'
ac_ct_CXX='g++'
bindir='${exec_prefix}/bin'
build='i386-apple-darwin13.2.0'
build_alias=''
build_cpu='i386'
build_os='darwin13.2.0'
build_vendor='apple'
datadir='${datarootdir}'
datarootdir='${prefix}/share'
docdir='${datarootdir}/doc/${PACKAGE_TARNAME}'
dvidir='${docdir}'
exec_prefix='${prefix}'
host='i386-apple-darwin13.2.0'
host_alias=''
host_cpu='i386'
host_os='darwin13.2.0'
host_vendor='apple'
htmldir='${docdir}'
includedir='${prefix}/include'
infodir='${datarootdir}/info'
libdir='${exec_prefix}/lib'
libexecdir='${exec_prefix}/libexec'
localedir='${datarootdir}/locale'
localstatedir='${prefix}/var'
mandir='${datarootdir}/man'
oldincludedir='/usr/include'
pdfdir='${docdir}'
prefix='/usr/local'
program_transform_name='s,x,x,'
psdir='${docdir}'
sbindir='${exec_prefix}/sbin'
sharedstatedir='${prefix}/com'
sysconfdir='${prefix}/etc'
target='i386-apple-darwin13.2.0'
target_alias=''
target_cpu='i386'
target_os='darwin13.2.0'
target_vendor='apple'

## ----------- ##
## confdefs.h. ##
## ----------- ##

/* confdefs.h */
#define PACKAGE_NAME "WOscLib"
#define PACKAGE_TARNAME "wosclib"
#define PACKAGE_VERSION "00.11"
#define PACKAGE_STRING "WOscLib 00.11"
#define PACKAGE_BUGREPORT "uli.franke@weiss.ch"
#define PACKAGE_URL ""
#define STDC_HEADERS 1
#define HAVE_SYS_TYPES_H 1
#define HAVE_SYS_STAT_H 1
#define HAVE_STDLIB_H 1
#define HAVE_STRING_H 1
#define HAVE_MEMORY_H 1
#define HAVE_STRINGS_H 1
#define HAVE_INTTYPES_H 1
#define HAVE_STDINT_H 1
#define HAVE_UNISTD_H 1
#define HAVE_ARPA_INET_H 1
#define HAVE_FCNTL_H 1
#define HAVE_NETINET_IN_H 1
#define HAVE_STDLIB_H 1
#define HAVE_STRING_H 1
#define HAVE_SYS_SOCKET_H 1
#define HAVE_UNISTD_H 1
#define HAVE_STDINT_H 1
#define HAVE_LIMITS_H 1
#define HAVE__BOOL 1
#define HAVE_STDBOOL_H 1
#define IS_LITTLE_ENDIAN 1
#define HAVE_INET_NTOA 1
#define HAVE_SOCKET 1
#define HAVE_STRCHR 1
#define WOSC_HAS_STD_TIME_LIB 1
#define WOSC_USE_PRIORITY_QUEUE 0
#define WOSC_USE_ADDR_WILDCARDS 1
#define WOSCLIB_DYN 0
#define OS_IS_WIN32 0
#define OS_IS_MACOSX 1
#define OS_IS_LINUX 0
#define OS_IS_CYGWIN 0

configure: exit 0
